SLURM_SUBMIT_DIR=/home/dongbinna/adversarial-captcha
CUDA_HOME=/opt/ohpc/pub/apps/cuda-10.0
CUDA_VISIBLE_DEVICES=0,1,2,3
CUDA_VERSION=10.0
0: n17
1: n17
2: n17
3: n17
2: /home/dongbinna/adversarial-captcha
1: /home/dongbinna/adversarial-captcha
0: /home/dongbinna/adversarial-captcha
3: /home/dongbinna/adversarial-captcha
2: Mon Dec  9 04:37:10 KST 2019
0: Mon Dec  9 04:37:10 KST 2019
3: Mon Dec  9 04:37:10 KST 2019
1: Mon Dec  9 04:37:10 KST 2019
[ Python Program Start ]
Files already downloaded and verified
Files already downloaded and verified
Index: 0
Index: 100
Index: 200
Index: 300
Index: 400
Index: 500
Index: 600
Index: 700
Index: 800
Index: 900
Index: 1000
Index: 1100
Index: 1200
Index: 1300
Index: 1400
Index: 1500
Index: 1600
Index: 1700
Index: 1800
Index: 1900
Index: 2000
Index: 2100
Index: 2200
Index: 2300
Index: 2400
Index: 2500
Index: 2600
Index: 2700
Index: 2800
Index: 2900
Index: 3000
Index: 3100
Index: 3200
Index: 3300
Index: 3400
Index: 3500
Index: 3600
Index: 3700
Index: 3800
Index: 3900
Index: 4000
Index: 4100
Index: 4200
Index: 4300
Index: 4400
Index: 4500
Index: 4600
Index: 4700
Index: 4800
Index: 4900
Index: 5000
Index: 5100
Index: 5200
Index: 5300
Index: 5400
Index: 5500
Index: 5600
Index: 5700
Index: 5800
Index: 5900
Index: 6000
Index: 6100
Index: 6200
Index: 6300
Index: 6400
Index: 6500
Index: 6600
Index: 6700
Index: 6800
Index: 6900
Index: 7000
Index: 7100
Index: 7200
Index: 7300
Index: 7400
Index: 7500
Index: 7600
Index: 7700
Index: 7800
Index: 7900
Index: 8000
Index: 8100
Index: 8200
Index: 8300
Index: 8400
Index: 8500
Index: 8600
Index: 8700
Index: 8800
Index: 8900
Index: 9000
Index: 9100
Index: 9200
Index: 9300
Index: 9400
Index: 9500
Index: 9600
Index: 9700
Index: 9800
Index: 9900
Index: 10000
Index: 10100
Index: 10200
Index: 10300
Index: 10400
Index: 10500
Index: 10600
Index: 10700
Index: 10800
Index: 10900
Index: 11000
Index: 11100
Index: 11200
Index: 11300
Index: 11400
Index: 11500
Index: 11600
Index: 11700
Index: 11800
Index: 11900
Index: 12000
Index: 12100
Index: 12200
Index: 12300
Index: 12400
Index: 12500
Index: 12600
Index: 12700
Index: 12800
Index: 12900
Index: 13000
Index: 13100
Index: 13200
Index: 13300
Index: 13400
Index: 13500
Index: 13600
Index: 13700
Index: 13800
Index: 13900
Index: 14000
Index: 14100
Index: 14200
Index: 14300
Index: 14400
Index: 14500
Index: 14600
Index: 14700
Index: 14800
Index: 14900
Index: 15000
Index: 15100
Index: 15200
Index: 15300
Index: 15400
Index: 15500
Index: 15600
Index: 15700
Index: 15800
Index: 15900
Index: 16000
Index: 16100
Index: 16200
Index: 16300
Index: 16400
Index: 16500
Index: 16600
Index: 16700
Index: 16800
Index: 16900
Index: 17000
Index: 17100
Index: 17200
Index: 17300
Index: 17400
Index: 17500
Index: 17600
Index: 17700
Index: 17800
Index: 17900
Index: 18000
Index: 18100
Index: 18200
Index: 18300
Index: 18400
Index: 18500
Index: 18600
Index: 18700
Index: 18800
Index: 18900
Index: 19000
Index: 19100
Index: 19200
Index: 19300
Index: 19400
Index: 19500
Index: 19600
Index: 19700
Index: 19800
Index: 19900
Index: 20000
Index: 20100
Index: 20200
Index: 20300
Index: 20400
Index: 20500
Index: 20600
Index: 20700
Index: 20800
Index: 20900
Index: 21000
Index: 21100
Index: 21200
Index: 21300
Index: 21400
Index: 21500
Index: 21600
Index: 21700
Index: 21800
Index: 21900
Index: 22000
Index: 22100
Index: 22200
Index: 22300
Index: 22400
Index: 22500
Index: 22600
Index: 22700
Index: 22800
Index: 22900
Index: 23000
Index: 23100
Index: 23200
Index: 23300
Index: 23400
Index: 23500
Index: 23600
Index: 23700
Index: 23800
Index: 23900
Index: 24000
Index: 24100
Index: 24200
Index: 24300
Index: 24400
Index: 24500
Index: 24600
Index: 24700
Index: 24800
Index: 24900
Index: 25000
Index: 25100
Index: 25200
Index: 25300
Index: 25400
Index: 25500
Index: 25600
Index: 25700
Index: 25800
Index: 25900
Index: 26000
Index: 26100
Index: 26200
Index: 26300
Index: 26400
Index: 26500
Index: 26600
Index: 26700
Index: 26800
Index: 26900
Index: 27000
Index: 27100
Index: 27200
Index: 27300
Index: 27400
Index: 27500
Index: 27600
Index: 27700
Index: 27800
Index: 27900
Index: 28000
Index: 28100
Index: 28200
Index: 28300
Index: 28400
Index: 28500
Index: 28600
Index: 28700
Index: 28800
Index: 28900
Index: 29000
Index: 29100
Index: 29200
Index: 29300
Index: 29400
Index: 29500
Index: 29600
Index: 29700
Index: 29800
Index: 29900
Index: 30000
Index: 30100
Index: 30200
Index: 30300
Index: 30400
Index: 30500
Index: 30600
Index: 30700
Index: 30800
Index: 30900
Index: 31000
Index: 31100
Index: 31200
Index: 31300
Index: 31400
Index: 31500
Index: 31600
Index: 31700
Index: 31800
Index: 31900
Index: 32000
Index: 32100
Index: 32200
Index: 32300
Index: 32400
Index: 32500
Index: 32600
Index: 32700
Index: 32800
Index: 32900
Index: 33000
Index: 33100
Index: 33200
Index: 33300
Index: 33400
Index: 33500
Index: 33600
Index: 33700
Index: 33800
Index: 33900
Index: 34000
Index: 34100
Index: 34200
Index: 34300
Index: 34400
Index: 34500
Index: 34600
Index: 34700
Index: 34800
Index: 34900
Index: 35000
Index: 35100
Index: 35200
Index: 35300
Index: 35400
Index: 35500
Index: 35600
Index: 35700
Index: 35800
Index: 35900
Index: 36000
Index: 36100
Index: 36200
Index: 36300
Index: 36400
Index: 36500
Index: 36600
Index: 36700
Index: 36800
Index: 36900
Index: 37000
Index: 37100
Index: 37200
Index: 37300
Index: 37400
Index: 37500
Index: 37600
Index: 37700
Index: 37800
Index: 37900
Index: 38000
Index: 38100
Index: 38200
Index: 38300
Index: 38400
Index: 38500
Index: 38600
Index: 38700
Index: 38800
Index: 38900
Index: 39000
Index: 39100
Index: 39200
Index: 39300
Index: 39400
Index: 39500
Index: 39600
Index: 39700
Index: 39800
Index: 39900
Index: 40000
Index: 40100
Index: 40200
Index: 40300
Index: 40400
Index: 40500
Index: 40600
Index: 40700
Index: 40800
Index: 40900
Index: 41000
Index: 41100
Index: 41200
Index: 41300
Index: 41400
Index: 41500
Index: 41600
Index: 41700
Index: 41800
Index: 41900
Index: 42000
Index: 42100
Index: 42200
Index: 42300
Index: 42400
Index: 42500
Index: 42600
Index: 42700
Index: 42800
Index: 42900
Index: 43000
Index: 43100
Index: 43200
Index: 43300
Index: 43400
Index: 43500
Index: 43600
Index: 43700
Index: 43800
Index: 43900
Index: 44000
Index: 44100
Index: 44200
Index: 44300
Index: 44400
Index: 44500
Index: 44600
Index: 44700
Index: 44800
Index: 44900
Index: 45000
Index: 45100
Index: 45200
Index: 45300
Index: 45400
Index: 45500
Index: 45600
Index: 45700
Index: 45800
Index: 45900
Index: 46000
Index: 46100
Index: 46200
Index: 46300
Index: 46400
Index: 46500
Index: 46600
Index: 46700
Index: 46800
Index: 46900
Index: 47000
Index: 47100
Index: 47200
Index: 47300
Index: 47400
Index: 47500
Index: 47600
Index: 47700
Index: 47800
Index: 47900
Index: 48000
Index: 48100
Index: 48200
Index: 48300
Index: 48400
Index: 48500
Index: 48600
Index: 48700
Index: 48800
Index: 48900
Index: 49000
Index: 49100
Index: 49200
Index: 49300
Index: 49400
Index: 49500
Index: 49600
Index: 49700
Index: 49800
Index: 49900
Total Benign Accuarcy: 100.0
Total Benign Filter Accuarcy: 31.036
Total Adv Accuarcy: 69.258
Total Adv Filter Accuracy: 0.154
/opt/ohpc/pub/apps/python3/3.6.9/lib/python3.6/site-packages/torch/nn/_reduction.py:43: UserWarning: size_average and reduce args will be deprecated, please use reduction='sum' instead.
  warnings.warn(warning.format(ret))
Index: 0
Index: 100
Index: 200
Index: 300
Index: 400
Index: 500
Index: 600
Index: 700
Index: 800
Index: 900
Index: 1000
Index: 1100
Index: 1200
Index: 1300
Index: 1400
Index: 1500
Index: 1600
Index: 1700
Index: 1800
Index: 1900
Index: 2000
Index: 2100
Index: 2200
Index: 2300
Index: 2400
Index: 2500
Index: 2600
Index: 2700
Index: 2800
Index: 2900
Index: 3000
Index: 3100
Index: 3200
Index: 3300
Index: 3400
Index: 3500
Index: 3600
Index: 3700
Index: 3800
Index: 3900
Index: 4000
Index: 4100
Index: 4200
Index: 4300
Index: 4400
Index: 4500
Index: 4600
Index: 4700
Index: 4800
Index: 4900
Index: 5000
Index: 5100
Index: 5200
Index: 5300
Index: 5400
Index: 5500
Index: 5600
Index: 5700
Index: 5800
Index: 5900
Index: 6000
Index: 6100
Index: 6200
Index: 6300
Index: 6400
Index: 6500
Index: 6600
Index: 6700
Index: 6800
Index: 6900
Index: 7000
Index: 7100
Index: 7200
Index: 7300
Index: 7400
Index: 7500
Index: 7600
Index: 7700
Index: 7800
Index: 7900
Index: 8000
Index: 8100
Index: 8200
Index: 8300
Index: 8400
Index: 8500
Index: 8600
Index: 8700
Index: 8800
Index: 8900
Index: 9000
Index: 9100
Index: 9200
Index: 9300
Index: 9400
Index: 9500
Index: 9600
Index: 9700
Index: 9800
Index: 9900
Total Benign Accuarcy: 94.92
Total Benign Filter Accuarcy: 32.92
Total Adv Accuarcy: 63.47
Total Adv Filter Accuracy: 0.26
Mon Dec  9 08:09:10 KST 2019
             JOBID PARTITION     NAME     USER ST       TIME  NODES NODELIST(REASON)
              1750 gpu-2080t make_adv dongbinn  R    3:32:01      1 n17
##### END #####
